Carteiro/proguard/mapping.txt
com.rbardini.carteiro.CarteiroApplication -> com.rbardini.carteiro.CarteiroApplication:
    com.rbardini.carteiro.CarteiroApplication$State state -> a
    java.util.Set updatedCods -> b
    boolean updatedList -> c
    void onCreate() -> onCreate
    com.rbardini.carteiro.db.DatabaseHelper getDatabaseHelper() -> a
    boolean addUpdatedCod(java.lang.String) -> a
    java.util.Set getUpdatedCods() -> b
    boolean isUpdatedCod(java.lang.String) -> b
    void setUpdatedList() -> c
    boolean hasUpdate() -> d
    void clearUpdate() -> e
com.rbardini.carteiro.CarteiroApplication$State -> com.rbardini.carteiro.a:
    com.rbardini.carteiro.svc.DetachableResultReceiver receiver -> a
    boolean syncing -> b
com.rbardini.carteiro.db.DatabaseHelper -> com.rbardini.carteiro.a.a:
    java.text.DateFormat iso8601 -> a
    java.util.Map SuggestMap -> b
    com.rbardini.carteiro.db.DatabaseHelper instance -> c
    android.database.sqlite.SQLiteDatabase db -> d
    com.rbardini.carteiro.svc.BackupManagerWrapper bm -> e
    boolean backupAvailable -> f
    com.rbardini.carteiro.db.DatabaseHelper getInstance(android.content.Context) -> a
    void beginTransaction() -> a
    boolean inTransaction() -> b
    void endTransaction() -> c
    void setTransactionSuccessful() -> d
    boolean insertPostalItem(com.rbardini.carteiro.model.PostalItem) -> a
    boolean insertPostalRecord(com.rbardini.carteiro.model.PostalRecord) -> a
    int renamePostalItem(java.lang.String,java.lang.String) -> a
    void togglePostalItemFav(java.lang.String) -> a
    int deletePostalItem(java.lang.String) -> b
    int deletePostalRecords(java.lang.String) -> c
    boolean isPostalItem(java.lang.String) -> d
    com.rbardini.carteiro.model.PostalItem getPostalItem(java.lang.String) -> e
    java.lang.String[] getPostalItemCodes(int) -> a
    int getPostalItems(java.util.List,java.lang.String,java.lang.String[]) -> a
    int getPostalList(java.util.List,int) -> a
    int getSearchResults(java.util.List,java.lang.String) -> a
    android.database.Cursor getSearchSuggestions(java.lang.String) -> f
    int getPostalRecords(java.util.List,java.lang.String) -> b
com.rbardini.carteiro.db.DatabaseHelper$CarteiroDatabase -> com.rbardini.carteiro.a.b:
    com.rbardini.carteiro.db.DatabaseHelper this$0 -> a
    void onCreate(android.database.sqlite.SQLiteDatabase) -> onCreate
    void onUpgrade(android.database.sqlite.SQLiteDatabase,int,int) -> onUpgrade
com.rbardini.carteiro.model.PostalItem -> com.rbardini.carteiro.b.a:
    java.lang.String cod -> a
    java.lang.String desc -> b
    java.util.Date date -> c
    java.lang.String loc -> d
    java.lang.String info -> e
    java.lang.String status -> f
    boolean fav -> g
    java.lang.String getCod() -> a
    java.lang.String getDesc() -> b
    java.lang.String getSafeDesc() -> c
    java.lang.String getFullDesc() -> d
    void setDesc(java.lang.String) -> a
    java.util.Date getDate() -> e
    java.lang.String getLoc() -> f
    java.lang.String getInfo() -> g
    java.lang.String getFullInfo() -> h
    java.lang.String getStatus() -> i
    boolean isFav() -> j
    boolean toggleFav() -> k
    void setReg(org.alfredlibrary.utilitarios.correios.RegistroRastreamento) -> a
    java.lang.String getService() -> l
    int getFlag(android.content.Context) -> a
    boolean equals(java.lang.Object) -> equals
...
android.support.v4.widget.DrawerLayout$AccessibilityDelegate -> android.support.v4.widget.g:
    android.graphics.Rect mTmpRect -> c
    android.support.v4.widget.DrawerLayout this$0 -> b
    void onInitializeAccessibilityNodeInfo(android.view.View,android.support.v4.view.accessibility.AccessibilityNodeInfoCompat) -> a
    boolean onRequestSendAccessibilityEvent(android.view.ViewGroup,android.view.View,android.view.accessibility.AccessibilityEvent) -> a
    boolean filter(android.view.View) -> b
    void copyNodeInfoNoChildren(android.support.v4.view.accessibility.AccessibilityNodeInfoCompat,android.support.v4.view.accessibility.AccessibilityNodeInfoCompat) -> a
android.support.v4.widget.DrawerLayout$DrawerListener -> android.support.v4.widget.h:
    void onDrawerSlide(android.view.View,float) -> onDrawerSlide
    void onDrawerOpened(android.view.View) -> onDrawerOpened
    void onDrawerClosed(android.view.View) -> onDrawerClosed
    void onDrawerStateChanged(int) -> onDrawerStateChanged
android.support.v4.widget.DrawerLayout$LayoutParams -> android.support.v4.widget.i:
    int gravity -> a
    float onScreen -> b
    boolean isPeeking -> c
    boolean knownOpen -> d
android.support.v4.widget.DrawerLayout$SavedState -> android.support.v4.widget.DrawerLayout$SavedState:
    int openDrawerGravity -> a
    int lockModeLeft -> b
    int lockModeRight -> c
    android.os.Parcelable$Creator CREATOR -> CREATOR
    void writeToParcel(android.os.Parcel,int) -> writeToParcel
android.support.v4.widget.DrawerLayout$SavedState$1 -> android.support.v4.widget.j:
    android.support.v4.widget.DrawerLayout$SavedState createFromParcel(android.os.Parcel) -> a
    android.support.v4.widget.DrawerLayout$SavedState[] newArray(int) -> a
    java.lang.Object[] newArray(int) -> newArray
    java.lang.Object createFromParcel(android.os.Parcel) -> createFromParcel
android.support.v4.widget.DrawerLayout$ViewDragCallback -> android.support.v4.widget.k:
    int mGravity -> b
    android.support.v4.widget.ViewDragHelper mDragger -> c
    java.lang.Runnable mPeekRunnable -> d
    android.support.v4.widget.DrawerLayout this$0 -> a
    void setDragger(android.support.v4.widget.ViewDragHelper) -> a
    void removeCallbacks() -> a
    boolean tryCaptureView(android.view.View,int) -> a
    void onViewDragStateChanged(int) -> a
    void onViewPositionChanged(android.view.View,int,int,int,int) -> a
    void onViewCaptured(android.view.View,int) -> b
    void closeOtherDrawer() -> b
    void onViewReleased(android.view.View,float,float) -> a
    void onEdgeTouched(int,int) -> a
    void peekDrawer() -> c
    boolean onEdgeLock(int) -> b
    void onEdgeDragStarted(int,int) -> b
    int getViewHorizontalDragRange(android.view.View) -> a
    int clampViewPositionHorizontal(android.view.View,int,int) -> a
    int clampViewPositionVertical(android.view.View,int,int) -> b
    void access$000(android.support.v4.widget.DrawerLayout$ViewDragCallback) -> a
android.support.v4.widget.DrawerLayout$ViewDragCallback$1 -> android.support.v4.widget.l:
    android.support.v4.widget.DrawerLayout$ViewDragCallback this$1 -> a
    void run() -> run
android.support.v4.widget.EdgeEffectCompat -> android.support.v4.widget.m:
    java.lang.Object mEdgeEffect -> a
    android.support.v4.widget.EdgeEffectCompat$EdgeEffectImpl IMPL -> b
    void setSize(int,int) -> a
    boolean isFinished() -> a
    void finish() -> b
    boolean onPull(float) -> a
    boolean onRelease() -> c
    boolean draw(android.graphics.Canvas) -> a
android.support.v4.widget.EdgeEffectCompat$BaseEdgeEffectImpl -> android.support.v4.widget.n:
    void setSize(java.lang.Object,int,int) -> a
    boolean isFinished(java.lang.Object) -> a
    void finish(java.lang.Object) -> b
    boolean onPull(java.lang.Object,float) -> a
    boolean onRelease(java.lang.Object) -> c
    boolean draw(java.lang.Object,android.graphics.Canvas) -> a